yokadi-0.9.0/
yokadi-0.9.0/colors.py
yokadi-0.9.0/confcmd.py
yokadi-0.9.0/bugcmd.py
yokadi-0.9.0/csvlistrenderer.py
yokadi-0.9.0/htmllistrenderer.py
yokadi-0.9.0/xmllistrenderer.py
yokadi-0.9.0/db.py
yokadi-0.9.0/projectcmd.py
yokadi-0.9.0/MANIFEST.in
yokadi-0.9.0/parseutils.py
yokadi-0.9.0/tui.py
yokadi-0.9.0/dbutils.py
yokadi-0.9.0/tests/
yokadi-0.9.0/tests/yokadioptionparsertestcase.py
yokadi-0.9.0/tests/testutils.py
yokadi-0.9.0/tests/completerstestcase.py
yokadi-0.9.0/tests/parseutilstestcase.py
yokadi-0.9.0/tests/tasktestcase.py
yokadi-0.9.0/tests/dateutilstestcase.py
yokadi-0.9.0/tests/tests.py
yokadi-0.9.0/tests/dbutilstestcase.py
yokadi-0.9.0/tests/projecttestcase.py
yokadi-0.9.0/yokadid.py
yokadi-0.9.0/yokadi.py
yokadi-0.9.0/dateutils.py
yokadi-0.9.0/taskcmd.py
yokadi-0.9.0/doc.sh
yokadi-0.9.0/doc/
yokadi-0.9.0/doc/bugtracking.markdown
yokadi-0.9.0/doc/tips.markdown
yokadi-0.9.0/doc/hacking.markdown
yokadi-0.9.0/yokadiexception.py
yokadi-0.9.0/plainlistrenderer.py
yokadi-0.9.0/yokadioptionparser.py
yokadi-0.9.0/README.markdown
yokadi-0.9.0/keywordcmd.py
yokadi-0.9.0/completers.py
yokadi-0.9.0/PKG-INFO
yokadi-0.9.0/update/
yokadi-0.9.0/update/dump.py
yokadi-0.9.0/update/update1to2
yokadi-0.9.0/update/update.py
yokadi-0.9.0/update/README.markdown
yokadi-0.9.0/setup.py
yokadi-0.9.0/textlistrenderer.py
running install
running build
running install_egg_info
Creating /tmp/SBo/package-yokadi/usr/lib/python2.5/site-packages/
Writing /tmp/SBo/package-yokadi/usr/lib/python2.5/site-packages/yokadi-0.9.0-py2.5.egg-info

Slackware package maker, version 2.1.

Searching for symbolic links:

No symbolic links were found, so we won't make an installation script.
You can make your own later in ./install/doinst.sh and rebuild the
package if you like.

This next step is optional - you can set the directories in your package
to some sane permissions. If any of the directories in your package have
special permissions, then DO NOT reset them here!

Would you like to reset all directory permissions to 755 (drwxr-xr-x) and
directory ownerships to root.root ([y]es, [n]o)? n


Creating tar file yokadi-0.9.0-i486-1_hmw.tar...

./
install/
install/slack-desc
usr/
usr/doc/
usr/doc/yokadi-0.9.0/
usr/doc/yokadi-0.9.0/PKG-INFO
usr/doc/yokadi-0.9.0/README.markdown
usr/doc/yokadi-0.9.0/doc/
usr/doc/yokadi-0.9.0/doc/bugtracking.markdown
usr/doc/yokadi-0.9.0/doc/hacking.markdown
usr/doc/yokadi-0.9.0/doc/tips.markdown
usr/doc/yokadi-0.9.0/yokadi.SlackBuild
usr/lib/
usr/lib/python2.5/
usr/lib/python2.5/site-packages/
usr/lib/python2.5/site-packages/yokadi-0.9.0-py2.5.egg-info
tar-1.13: yokadi-0.9.0-i486-1_hmw.tar is the archive; not dumped

Gzipping yokadi-0.9.0-i486-1_hmw.tar...

Renaming yokadi-0.9.0-i486-1_hmw.tar.gz to yokadi-0.9.0-i486-1_hmw.tgz...

Moving yokadi-0.9.0-i486-1_hmw.tgz to /tmp...

Package creation complete.

